<?xml version="1.0" encoding="UTF-8"?>
<testng-results skipped="0" failed="1" ignored="0" total="4" passed="3">
  <reporter-output>
  </reporter-output>
  <suite name="Suite" duration-ms="108352" started-at="2020-10-21T17:00:30Z" finished-at="2020-10-21T17:02:18Z">
    <groups>
    </groups>
    <test name="home" duration-ms="99532" started-at="2020-10-21T17:00:30Z" finished-at="2020-10-21T17:02:09Z">
      <class name="academy.LandingpageTest">
        <test-method status="PASS" signature="initialise()[pri:0, instance:academy.LandingpageTest@71def8f8]" name="initialise" is-config="true" duration-ms="86575" started-at="2020-10-21T17:00:30Z" finished-at="2020-10-21T17:01:57Z">
          <reporter-output>
          </reporter-output>
        </test-method> <!-- initialise -->
        <test-method status="PASS" signature="LandingPageCenterText()[pri:0, instance:academy.LandingpageTest@71def8f8]" name="LandingPageCenterText" duration-ms="4541" started-at="2020-10-21T17:01:57Z" finished-at="2020-10-21T17:02:02Z">
          <reporter-output>
          </reporter-output>
        </test-method> <!-- LandingPageCenterText -->
        <test-method status="PASS" signature="LandingPageNavigationBar()[pri:0, instance:academy.LandingpageTest@71def8f8]" name="LandingPageNavigationBar" duration-ms="182" started-at="2020-10-21T17:02:02Z" finished-at="2020-10-21T17:02:02Z">
          <reporter-output>
          </reporter-output>
        </test-method> <!-- LandingPageNavigationBar -->
        <test-method status="PASS" signature="tearDown()[pri:0, instance:academy.LandingpageTest@71def8f8]" name="tearDown" is-config="true" duration-ms="7318" started-at="2020-10-21T17:02:02Z" finished-at="2020-10-21T17:02:09Z">
          <reporter-output>
          </reporter-output>
        </test-method> <!-- tearDown -->
      </class> <!-- academy.LandingpageTest -->
    </test> <!-- home -->
    <test name="login" duration-ms="108352" started-at="2020-10-21T17:00:30Z" finished-at="2020-10-21T17:02:18Z">
      <class name="academy.LoginPageTest">
        <test-method status="PASS" signature="initialise()[pri:0, instance:academy.LoginPageTest@1af2d44a]" name="initialise" is-config="true" duration-ms="89062" started-at="2020-10-21T17:00:30Z" finished-at="2020-10-21T17:01:59Z">
          <reporter-output>
          </reporter-output>
        </test-method> <!-- initialise -->
        <test-method status="FAIL" signature="loginPageTitle()[pri:0, instance:academy.LoginPageTest@1af2d44a]" name="loginPageTitle" duration-ms="15391" started-at="2020-10-21T17:01:59Z" finished-at="2020-10-21T17:02:14Z">
          <exception class="java.lang.AssertionError">
            <message>
              <![CDATA[expected [true] but found [false]]]>
            </message>
            <full-stacktrace>
              <![CDATA[java.lang.AssertionError: expected [true] but found [false]
at org.testng.Assert.fail(Assert.java:96)
at org.testng.Assert.failNotEquals(Assert.java:776)
at org.testng.Assert.assertTrue(Assert.java:44)
at org.testng.Assert.assertTrue(Assert.java:54)
at academy.LoginPageTest.loginPageTitle(LoginPageTest.java:32)
at sun.reflect.NativeMethodAccessorImpl.invoke0(Native Method)
at sun.reflect.NativeMethodAccessorImpl.invoke(NativeMethodAccessorImpl.java:62)
at sun.reflect.DelegatingMethodAccessorImpl.invoke(DelegatingMethodAccessorImpl.java:43)
at java.lang.reflect.Method.invoke(Method.java:498)
at org.testng.internal.MethodInvocationHelper.invokeMethod(MethodInvocationHelper.java:124)
at org.testng.internal.Invoker.invokeMethod(Invoker.java:583)
at org.testng.internal.Invoker.invokeTestMethod(Invoker.java:719)
at org.testng.internal.Invoker.invokeTestMethods(Invoker.java:989)
at org.testng.internal.TestMethodWorker.invokeTestMethods(TestMethodWorker.java:125)
at org.testng.internal.TestMethodWorker.run(TestMethodWorker.java:109)
at org.testng.TestRunner.privateRun(TestRunner.java:648)
at org.testng.TestRunner.run(TestRunner.java:505)
at org.testng.SuiteRunner.runTest(SuiteRunner.java:455)
at org.testng.SuiteRunner.access$000(SuiteRunner.java:40)
at org.testng.SuiteRunner$SuiteWorker.run(SuiteRunner.java:489)
at org.testng.internal.thread.ThreadUtil$1.call(ThreadUtil.java:52)
at java.util.concurrent.FutureTask.run(FutureTask.java:266)
at java.util.concurrent.ThreadPoolExecutor.runWorker(ThreadPoolExecutor.java:1149)
at java.util.concurrent.ThreadPoolExecutor$Worker.run(ThreadPoolExecutor.java:624)
at java.lang.Thread.run(Thread.java:748)
]]>
            </full-stacktrace>
          </exception> <!-- java.lang.AssertionError -->
          <reporter-output>
          </reporter-output>
        </test-method> <!-- loginPageTitle -->
        <test-method status="PASS" signature="loginPagetext()[pri:0, instance:academy.LoginPageTest@1af2d44a]" name="loginPagetext" duration-ms="103" started-at="2020-10-21T17:02:17Z" finished-at="2020-10-21T17:02:18Z">
          <reporter-output>
          </reporter-output>
        </test-method> <!-- loginPagetext -->
        <test-method status="PASS" signature="tearDown()[pri:0, instance:academy.LoginPageTest@1af2d44a]" name="tearDown" is-config="true" duration-ms="725" started-at="2020-10-21T17:02:18Z" finished-at="2020-10-21T17:02:18Z">
          <reporter-output>
          </reporter-output>
        </test-method> <!-- tearDown -->
      </class> <!-- academy.LoginPageTest -->
    </test> <!-- login -->
  </suite> <!-- Suite -->
</testng-results>
